<?xml version="1.0" encoding="UTF-8"?>
<!-- Generated by org.testng.reporters.JUnitXMLReporter -->
<testsuite ignored="0" hostname="DESKTOP-7BKDVGK" failures="0" tests="2" name="Default test" time="20.976" errors="0" timestamp="2024-09-07T00:51:24 IST">
  <testcase classname="Automation_Testing.TestNG_FW_Design.ErrorValidation" name="LoginErrorValidation" time="0.697"/>
  <testcase classname="Automation_Testing.TestNG_FW_Design.ErrorValidation" name="ProductErrorValidation" time="2.634"/>
</testsuite> <!-- Default test -->
