<?xml version="1.0" encoding="UTF-8"?>
<!-- Generated by org.testng.reporters.JUnitXMLReporter -->
<testsuite ignored="0" hostname="DESKTOP-7BKDVGK" failures="0" tests="2" name="Error Validations Test" time="35.327" errors="0" timestamp="2024-09-17T00:05:39 IST">
  <testcase classname="Automation_Testing.TestNG_FW_Design.ErrorValidation" name="LoginErrorValidation" time="1.356"/>
  <testcase classname="Automation_Testing.TestNG_FW_Design.ErrorValidation" name="ProductErrorValidation" time="2.502"/>
</testsuite> <!-- Error Validations Test -->
