<?xml version="1.0" encoding="UTF-8"?>
<!-- Generated by org.testng.reporters.JUnitXMLReporter -->
<testsuite ignored="0" hostname="DESKTOP-7BKDVGK" failures="0" tests="2" name="Error Validations Test" time="30.93" errors="0" timestamp="2024-09-17T00:38:39 IST">
  <testcase classname="Automation_Testing.TestNG_FW_Design.ErrorValidation" name="LoginErrorValidation" time="1.148"/>
  <testcase classname="Automation_Testing.TestNG_FW_Design.ErrorValidation" name="ProductErrorValidation" time="9.708"/>
</testsuite> <!-- Error Validations Test -->
