<?xml version="1.0" encoding="UTF-8"?>
<!-- Generated by org.testng.reporters.JUnitXMLReporter -->
<testsuite ignored="0" hostname="DESKTOP-7BKDVGK" failures="0" tests="3" name="Submit Order Test" time="39.054" errors="0" timestamp="2024-09-17T00:38:46 IST">
  <testcase classname="Automation_Testing.TestNG_FW_Design.SubmitOrder" name="submitOrder" time="6.167"/>
  <testcase classname="Automation_Testing.TestNG_FW_Design.SubmitOrder" name="submitOrder" time="10.457"/>
  <testcase classname="Automation_Testing.TestNG_FW_Design.SubmitOrder" name="OrderHistoryTest" time="1.176"/>
</testsuite> <!-- Submit Order Test -->
