<?xml version="1.0" encoding="UTF-8"?>
<testng-results ignored="0" total="5" passed="5" failed="0" skipped="0">
  <reporter-output>
  </reporter-output>
  <suite started-at="2024-09-17T00:38:07 IST" name="Suite" finished-at="2024-09-17T00:38:46 IST" duration-ms="39054">
    <groups>
      <group name="ErrorHandling">
        <method signature="ErrorValidation.LoginErrorValidation()[pri:0, instance:Automation_Testing.TestNG_FW_Design.ErrorValidation@636e8cc]" name="LoginErrorValidation" class="Automation_Testing.TestNG_FW_Design.ErrorValidation"/>
      </group> <!-- ErrorHandling -->
      <group name="Purchase">
        <method signature="SubmitOrder.submitOrder(java.util.HashMap)[pri:0, instance:Automation_Testing.TestNG_FW_Design.SubmitOrder@2bb7bd00]" name="submitOrder" class="Automation_Testing.TestNG_FW_Design.SubmitOrder"/>
      </group> <!-- Purchase -->
    </groups>
    <test started-at="2024-09-17T00:38:07 IST" name="Error Validations Test" finished-at="2024-09-17T00:38:38 IST" duration-ms="30930">
      <class name="Automation_Testing.TestNG_FW_Design.ErrorValidation">
        <test-method is-config="true" signature="launchApplication()[pri:0, instance:Automation_Testing.TestNG_FW_Design.ErrorValidation@636e8cc]" started-at="2024-09-17T00:38:07 IST" name="launchApplication" finished-at="2024-09-17T00:38:19 IST" duration-ms="12596" status="PASS">
          <reporter-output>
          </reporter-output>
        </test-method> <!-- launchApplication -->
        <test-method signature="LoginErrorValidation()[pri:0, instance:Automation_Testing.TestNG_FW_Design.ErrorValidation@636e8cc]" started-at="2024-09-17T00:38:19 IST" name="LoginErrorValidation" finished-at="2024-09-17T00:38:21 IST" duration-ms="1148" status="PASS">
          <reporter-output>
          </reporter-output>
        </test-method> <!-- LoginErrorValidation -->
        <test-method is-config="true" signature="tearDwon()[pri:0, instance:Automation_Testing.TestNG_FW_Design.ErrorValidation@636e8cc]" started-at="2024-09-17T00:38:21 IST" name="tearDwon" finished-at="2024-09-17T00:38:21 IST" duration-ms="250" status="PASS">
          <reporter-output>
          </reporter-output>
        </test-method> <!-- tearDwon -->
        <test-method is-config="true" signature="launchApplication()[pri:0, instance:Automation_Testing.TestNG_FW_Design.ErrorValidation@636e8cc]" started-at="2024-09-17T00:38:21 IST" name="launchApplication" finished-at="2024-09-17T00:38:28 IST" duration-ms="6747" status="PASS">
          <reporter-output>
          </reporter-output>
        </test-method> <!-- launchApplication -->
        <test-method signature="ProductErrorValidation()[pri:0, instance:Automation_Testing.TestNG_FW_Design.ErrorValidation@636e8cc]" started-at="2024-09-17T00:38:28 IST" name="ProductErrorValidation" finished-at="2024-09-17T00:38:37 IST" duration-ms="9708" status="PASS">
          <reporter-output>
          </reporter-output>
        </test-method> <!-- ProductErrorValidation -->
        <test-method is-config="true" signature="tearDwon()[pri:0, instance:Automation_Testing.TestNG_FW_Design.ErrorValidation@636e8cc]" started-at="2024-09-17T00:38:37 IST" name="tearDwon" finished-at="2024-09-17T00:38:38 IST" duration-ms="275" status="PASS">
          <reporter-output>
          </reporter-output>
        </test-method> <!-- tearDwon -->
      </class> <!-- Automation_Testing.TestNG_FW_Design.ErrorValidation -->
    </test> <!-- Error Validations Test -->
    <test started-at="2024-09-17T00:38:07 IST" name="Submit Order Test" finished-at="2024-09-17T00:38:46 IST" duration-ms="39054">
      <class name="Automation_Testing.TestNG_FW_Design.SubmitOrder">
        <test-method is-config="true" signature="launchApplication()[pri:0, instance:Automation_Testing.TestNG_FW_Design.SubmitOrder@2bb7bd00]" started-at="2024-09-17T00:38:08 IST" name="launchApplication" finished-at="2024-09-17T00:38:17 IST" duration-ms="9519" status="PASS">
          <reporter-output>
          </reporter-output>
        </test-method> <!-- launchApplication -->
        <test-method signature="submitOrder(java.util.HashMap)[pri:0, instance:Automation_Testing.TestNG_FW_Design.SubmitOrder@2bb7bd00]" started-at="2024-09-17T00:38:17 IST" name="submitOrder" data-provider="getData" finished-at="2024-09-17T00:38:23 IST" duration-ms="6167" status="PASS">
          <params>
            <param index="0">
              <value>
                <![CDATA[{password=Abcd@1234, email=shruti123@gmail.com, productName=ZARA COAT 3}]]>
              </value>
            </param>
          </params>
          <reporter-output>
          </reporter-output>
        </test-method> <!-- submitOrder -->
        <test-method is-config="true" signature="tearDwon()[pri:0, instance:Automation_Testing.TestNG_FW_Design.SubmitOrder@2bb7bd00]" started-at="2024-09-17T00:38:23 IST" name="tearDwon" finished-at="2024-09-17T00:38:24 IST" duration-ms="484" status="PASS">
          <reporter-output>
          </reporter-output>
        </test-method> <!-- tearDwon -->
        <test-method is-config="true" signature="launchApplication()[pri:0, instance:Automation_Testing.TestNG_FW_Design.SubmitOrder@2bb7bd00]" started-at="2024-09-17T00:38:24 IST" name="launchApplication" finished-at="2024-09-17T00:38:27 IST" duration-ms="3016" status="PASS">
          <reporter-output>
          </reporter-output>
        </test-method> <!-- launchApplication -->
        <test-method signature="submitOrder(java.util.HashMap)[pri:0, instance:Automation_Testing.TestNG_FW_Design.SubmitOrder@2bb7bd00]" started-at="2024-09-17T00:38:27 IST" name="submitOrder" data-provider="getData" finished-at="2024-09-17T00:38:37 IST" duration-ms="10457" status="PASS">
          <params>
            <param index="0">
              <value>
                <![CDATA[{password=Monu@12345, email=Monu@gmail.com, productName=ADIDAS ORIGINAL}]]>
              </value>
            </param>
          </params>
          <reporter-output>
          </reporter-output>
        </test-method> <!-- submitOrder -->
        <test-method is-config="true" signature="tearDwon()[pri:0, instance:Automation_Testing.TestNG_FW_Design.SubmitOrder@2bb7bd00]" started-at="2024-09-17T00:38:37 IST" name="tearDwon" finished-at="2024-09-17T00:38:37 IST" duration-ms="335" status="PASS">
          <reporter-output>
          </reporter-output>
        </test-method> <!-- tearDwon -->
        <test-method is-config="true" signature="launchApplication()[pri:0, instance:Automation_Testing.TestNG_FW_Design.SubmitOrder@2bb7bd00]" started-at="2024-09-17T00:38:37 IST" name="launchApplication" finished-at="2024-09-17T00:38:44 IST" duration-ms="6906" status="PASS">
          <reporter-output>
          </reporter-output>
        </test-method> <!-- launchApplication -->
        <test-method signature="OrderHistoryTest()[pri:0, instance:Automation_Testing.TestNG_FW_Design.SubmitOrder@2bb7bd00]" started-at="2024-09-17T00:38:44 IST" name="OrderHistoryTest" finished-at="2024-09-17T00:38:46 IST" depends-on-methods="Automation_Testing.TestNG_FW_Design.SubmitOrder.submitOrder" duration-ms="1176" status="PASS">
          <reporter-output>
          </reporter-output>
        </test-method> <!-- OrderHistoryTest -->
        <test-method is-config="true" signature="tearDwon()[pri:0, instance:Automation_Testing.TestNG_FW_Design.SubmitOrder@2bb7bd00]" started-at="2024-09-17T00:38:46 IST" name="tearDwon" finished-at="2024-09-17T00:38:46 IST" duration-ms="122" status="PASS">
          <reporter-output>
          </reporter-output>
        </test-method> <!-- tearDwon -->
      </class> <!-- Automation_Testing.TestNG_FW_Design.SubmitOrder -->
    </test> <!-- Submit Order Test -->
  </suite> <!-- Suite -->
</testng-results>
